<?xml version="1.0" encoding="UTF-8"?>
<coverage generated="1684176036607" clover="3.2.0">
  <project timestamp="1684176036607" name="All files">
    <metrics statements="13" coveredstatements="12" conditionals="10" coveredconditionals="8" methods="4" coveredmethods="4" elements="27" coveredelements="24" complexity="0" loc="13" ncloc="13" packages="1" files="1" classes="1"/>
    <file name="herbivoresAndCarnivores.js" path="C:\mate_academy\JS\js_herbivores_and_carnivores\src\herbivoresAndCarnivores.js">
      <metrics statements="13" coveredstatements="12" conditionals="10" coveredconditionals="8" methods="4" coveredmethods="4"/>
      <line num="5" count="19" type="stmt"/>
      <line num="6" count="19" type="stmt"/>
      <line num="7" count="19" type="stmt"/>
      <line num="11" count="1" type="stmt"/>
      <line num="15" count="9" type="stmt"/>
      <line num="17" count="9" type="stmt"/>
      <line num="21" count="2" type="cond" truecount="1" falsecount="1"/>
      <line num="22" count="2" type="stmt"/>
      <line num="29" count="5" type="cond" truecount="4" falsecount="0"/>
      <line num="30" count="3" type="stmt"/>
      <line num="33" count="5" type="cond" truecount="1" falsecount="1"/>
      <line num="34" count="0" type="stmt"/>
      <line num="39" count="1" type="stmt"/>
    </file>
  </project>
</coverage>
