{"D:\\Project\\JS\\js_herbivores_and_carnivores\\src\\herbivoresAndCarnivores.js": {"path":"D:\\Project\\JS\\js_herbivores_and_carnivores\\src\\herbivoresAndCarnivores.js","statementMap":{"0":{"start":{"line":4,"column":17},"end":{"line":4,"column":19}},"1":{"start":{"line":7,"column":4},"end":{"line":7,"column":21}},"2":{"start":{"line":8,"column":4},"end":{"line":8,"column":25}},"3":{"start":{"line":9,"column":4},"end":{"line":9,"column":28}},"4":{"start":{"line":15,"column":4},"end":{"line":15,"column":24}},"5":{"start":{"line":16,"column":4},"end":{"line":16,"column":25}},"6":{"start":{"line":19,"column":4},"end":{"line":19,"column":23}},"7":{"start":{"line":25,"column":4},"end":{"line":31,"column":5}},"8":{"start":{"line":26,"column":6},"end":{"line":26,"column":24}},"9":{"start":{"line":28,"column":6},"end":{"line":30,"column":7}},"10":{"start":{"line":29,"column":8},"end":{"line":29,"column":72}},"11":{"start":{"line":29,"column":55},"end":{"line":29,"column":70}},"12":{"start":{"line":35,"column":0},"end":{"line":39,"column":2}}},"fnMap":{"0":{"name":"(anonymous_0)","decl":{"start":{"line":6,"column":2},"end":{"line":6,"column":3}},"loc":{"start":{"line":6,"column":34},"end":{"line":10,"column":3}},"line":6},"1":{"name":"(anonymous_1)","decl":{"start":{"line":14,"column":2},"end":{"line":14,"column":3}},"loc":{"start":{"line":14,"column":44},"end":{"line":17,"column":3}},"line":14},"2":{"name":"(anonymous_2)","decl":{"start":{"line":18,"column":2},"end":{"line":18,"column":3}},"loc":{"start":{"line":18,"column":9},"end":{"line":20,"column":3}},"line":18},"3":{"name":"(anonymous_3)","decl":{"start":{"line":24,"column":2},"end":{"line":24,"column":3}},"loc":{"start":{"line":24,"column":13},"end":{"line":32,"column":3}},"line":24},"4":{"name":"(anonymous_4)","decl":{"start":{"line":29,"column":43},"end":{"line":29,"column":44}},"loc":{"start":{"line":29,"column":55},"end":{"line":29,"column":70}},"line":29}},"branchMap":{"0":{"loc":{"start":{"line":6,"column":20},"end":{"line":6,"column":32}},"type":"default-arg","locations":[{"start":{"line":6,"column":29},"end":{"line":6,"column":32}}],"line":6},"1":{"loc":{"start":{"line":14,"column":28},"end":{"line":14,"column":42}},"type":"default-arg","locations":[{"start":{"line":14,"column":37},"end":{"line":14,"column":42}}],"line":14},"2":{"loc":{"start":{"line":25,"column":4},"end":{"line":31,"column":5}},"type":"if","locations":[{"start":{"line":25,"column":4},"end":{"line":31,"column":5}},{"start":{},"end":{}}],"line":25},"3":{"loc":{"start":{"line":25,"column":8},"end":{"line":25,"column":58}},"type":"binary-expr","locations":[{"start":{"line":25,"column":8},"end":{"line":25,"column":33}},{"start":{"line":25,"column":37},"end":{"line":25,"column":58}}],"line":25},"4":{"loc":{"start":{"line":28,"column":6},"end":{"line":30,"column":7}},"type":"if","locations":[{"start":{"line":28,"column":6},"end":{"line":30,"column":7}},{"start":{},"end":{}}],"line":28}},"s":{"0":1,"1":24,"2":24,"3":24,"4":12,"5":12,"6":2,"7":9,"8":7,"9":7,"10":3,"11":61,"12":1},"f":{"0":24,"1":12,"2":2,"3":9,"4":61},"b":{"0":[24],"1":[12],"2":[7,2],"3":[9,8],"4":[3,4]},"_coverageSchema":"1a1c01bbd47fc00a2c39e90264f33305004495a9","hash":"cc01c61a70e4d68ec4b8c687930a1b5a25e727ee"}
}
