{"F:\\programowanie\\projects\\js_herbivores_and_carnivores\\src\\herbivoresAndCarnivores.js": {"path":"F:\\programowanie\\projects\\js_herbivores_and_carnivores\\src\\herbivoresAndCarnivores.js","statementMap":{"0":{"start":{"line":5,"column":4},"end":{"line":5,"column":21}},"1":{"start":{"line":6,"column":4},"end":{"line":6,"column":22}},"2":{"start":{"line":7,"column":4},"end":{"line":7,"column":28}},"3":{"start":{"line":11,"column":0},"end":{"line":11,"column":18}},"4":{"start":{"line":15,"column":4},"end":{"line":15,"column":16}},"5":{"start":{"line":16,"column":4},"end":{"line":16,"column":24}},"6":{"start":{"line":20,"column":4},"end":{"line":20,"column":23}},"7":{"start":{"line":26,"column":4},"end":{"line":29,"column":5}},"8":{"start":{"line":27,"column":6},"end":{"line":27,"column":26}},"9":{"start":{"line":28,"column":6},"end":{"line":28,"column":60}},"10":{"start":{"line":28,"column":46},"end":{"line":28,"column":58}},"11":{"start":{"line":33,"column":0},"end":{"line":37,"column":2}}},"fnMap":{"0":{"name":"(anonymous_0)","decl":{"start":{"line":4,"column":2},"end":{"line":4,"column":3}},"loc":{"start":{"line":4,"column":20},"end":{"line":8,"column":3}},"line":4},"1":{"name":"(anonymous_1)","decl":{"start":{"line":14,"column":2},"end":{"line":14,"column":3}},"loc":{"start":{"line":14,"column":20},"end":{"line":17,"column":3}},"line":14},"2":{"name":"(anonymous_2)","decl":{"start":{"line":19,"column":2},"end":{"line":19,"column":3}},"loc":{"start":{"line":19,"column":9},"end":{"line":21,"column":3}},"line":19},"3":{"name":"(anonymous_3)","decl":{"start":{"line":25,"column":2},"end":{"line":25,"column":3}},"loc":{"start":{"line":25,"column":15},"end":{"line":30,"column":3}},"line":25},"4":{"name":"(anonymous_4)","decl":{"start":{"line":28,"column":41},"end":{"line":28,"column":42}},"loc":{"start":{"line":28,"column":46},"end":{"line":28,"column":58}},"line":28}},"branchMap":{"0":{"loc":{"start":{"line":26,"column":4},"end":{"line":29,"column":5}},"type":"if","locations":[{"start":{"line":26,"column":4},"end":{"line":29,"column":5}},{"start":{"line":26,"column":4},"end":{"line":29,"column":5}}],"line":26},"1":{"loc":{"start":{"line":26,"column":8},"end":{"line":26,"column":62}},"type":"binary-expr","locations":[{"start":{"line":26,"column":8},"end":{"line":26,"column":35}},{"start":{"line":26,"column":39},"end":{"line":26,"column":62}}],"line":26}},"s":{"0":19,"1":19,"2":19,"3":1,"4":9,"5":9,"6":2,"7":5,"8":3,"9":3,"10":47,"11":1},"f":{"0":19,"1":9,"2":2,"3":5,"4":47},"b":{"0":[3,2],"1":[5,4]},"_coverageSchema":"43e27e138ebf9cfc5966b082cf9a028302ed4184","hash":"f4c5a6111da8c5874ac20c6a1d61a6b78d98d74a"}
}
