TN:
SF:C:\mate_academy\JS\js_herbivores_and_carnivores\src\herbivoresAndCarnivores.js
FN:4,(anonymous_0)
FN:14,(anonymous_1)
FN:20,(anonymous_2)
FN:28,(anonymous_3)
FNF:4
FNH:4
FNDA:19,(anonymous_0)
FNDA:9,(anonymous_1)
FNDA:2,(anonymous_2)
FNDA:5,(anonymous_3)
DA:5,19
DA:6,19
DA:7,19
DA:11,1
DA:15,9
DA:17,9
DA:21,2
DA:22,2
DA:29,5
DA:30,3
DA:33,5
DA:34,0
DA:39,1
LF:13
LH:12
BRDA:4,0,0,19
BRDA:14,1,0,9
BRDA:21,2,0,2
BRDA:21,2,1,0
BRDA:29,3,0,3
BRDA:29,3,1,2
BRDA:29,4,0,5
BRDA:29,4,1,4
BRDA:33,5,0,0
BRDA:33,5,1,5
BRF:10
BRH:8
end_of_record
