TN:
SF:src\herbivoresAndCarnivores.js
FN:6,(anonymous_0)
FN:14,(anonymous_1)
FN:18,(anonymous_2)
FN:24,(anonymous_3)
FN:29,(anonymous_4)
FNF:5
FNH:5
FNDA:24,(anonymous_0)
FNDA:12,(anonymous_1)
FNDA:2,(anonymous_2)
FNDA:9,(anonymous_3)
FNDA:61,(anonymous_4)
DA:4,1
DA:7,24
DA:8,24
DA:9,24
DA:15,12
DA:16,12
DA:19,2
DA:25,9
DA:26,7
DA:28,7
DA:29,61
DA:35,1
LF:12
LH:12
BRDA:6,0,0,24
BRDA:14,1,0,12
BRDA:25,2,0,7
BRDA:25,2,1,2
BRDA:25,3,0,9
BRDA:25,3,1,8
BRDA:28,4,0,3
BRDA:28,4,1,4
BRF:8
BRH:8
end_of_record
